TN:
SF:/Users/mkoistinen/repos/www-corporate/src/js/App.js
FN:35,(anonymous_0)
FN:53,(anonymous_1)
FN:91,(anonymous_2)
FN:330,(anonymous_3)
FNF:4
FNH:4
FNDA:1,(anonymous_0)
FNDA:1,(anonymous_1)
FNDA:1,(anonymous_2)
FNDA:3,(anonymous_3)
DA:36,1
DA:54,1
DA:92,1
DA:116,1
DA:331,3
DA:333,3
DA:356,1
LF:7
LH:7
BRF:0
BRH:0
end_of_record
TN:
SF:/Users/mkoistinen/repos/www-corporate/src/js/index.js
FN:6,_interopRequireDefault
FNF:1
FNH:0
FNDA:0,_interopRequireDefault
DA:1,0
DA:2,0
DA:4,0
DA:6,0
DA:8,0
DA:9,0
DA:11,0
LF:7
LH:0
BRDA:6,0,0,0
BRDA:6,0,1,0
BRDA:6,1,0,0
BRDA:6,1,1,0
BRF:4
BRH:0
end_of_record
